  [1m[35m (0.1ms)[0m  [1m[34mSELECT sqlite_version(*)[0m
  ↳ bin/rails:9
  [1m[35m (2.0ms)[0m  [1m[35mCREATE TABLE "schema_migrations" ("version" varchar NOT NULL PRIMARY KEY)[0m
  ↳ bin/rails:9
  [1m[35m (1.4ms)[0m  [1m[35mCREATE TABLE "ar_internal_metadata" ("key" varchar NOT NULL PRIMARY KEY, "value" varchar, "created_at" datetime NOT NULL, "updated_at" datetime NOT NULL)[0m
  ↳ bin/rails:9
  [1m[35m (0.4ms)[0m  [1m[34mSELECT "schema_migrations"."version" FROM "schema_migrations" ORDER BY "schema_migrations"."version" ASC[0m
  ↳ bin/rails:9
  [1m[35m (0.1ms)[0m  [1m[34mSELECT "schema_migrations"."version" FROM "schema_migrations" ORDER BY "schema_migrations"."version" ASC[0m
  ↳ bin/rails:9
Migrating to CreateCourses (20190130202507)
  [1m[35m (0.1ms)[0m  [1m[36mbegin transaction[0m
  ↳ bin/rails:9
  [1m[35m (0.1ms)[0m  [1m[34mSELECT sqlite_version(*)[0m
  ↳ db/migrate/20190130202507_create_courses.rb:3
  [1m[35m (0.5ms)[0m  [1m[35mCREATE TABLE "courses" ("id" integer PRIMARY KEY AUTOINCREMENT NOT NULL, "title" varchar, "content" text, "created_at" datetime NOT NULL, "updated_at" datetime NOT NULL)[0m
  ↳ db/migrate/20190130202507_create_courses.rb:3
  [1m[36mActiveRecord::SchemaMigration Create (0.2ms)[0m  [1m[32mINSERT INTO "schema_migrations" ("version") VALUES (?)[0m  [["version", "20190130202507"]]
  ↳ bin/rails:9
  [1m[35m (1.2ms)[0m  [1m[36mcommit transaction[0m
  ↳ bin/rails:9
Migrating to CreateStudents (20190130202700)
  [1m[35m (0.1ms)[0m  [1m[36mbegin transaction[0m
  ↳ bin/rails:9
  [1m[35m (0.4ms)[0m  [1m[35mCREATE TABLE "students" ("id" integer PRIMARY KEY AUTOINCREMENT NOT NULL, "name" varchar, "course_id" integer, "created_at" datetime NOT NULL, "updated_at" datetime NOT NULL)[0m
  ↳ db/migrate/20190130202700_create_students.rb:3
  [1m[35m (0.1ms)[0m  [1m[35mCREATE  INDEX "index_students_on_course_id" ON "students" ("course_id")[0m
  ↳ db/migrate/20190130202700_create_students.rb:3
  [1m[36mActiveRecord::SchemaMigration Create (0.1ms)[0m  [1m[32mINSERT INTO "schema_migrations" ("version") VALUES (?)[0m  [["version", "20190130202700"]]
  ↳ bin/rails:9
  [1m[35m (1.2ms)[0m  [1m[36mcommit transaction[0m
  ↳ bin/rails:9
  [1m[36mActiveRecord::InternalMetadata Load (0.2ms)[0m  [1m[34mSELECT  "ar_internal_metadata".* FROM "ar_internal_metadata" WHERE "ar_internal_metadata"."key" = ? LIMIT ?[0m  [["key", "environment"], ["LIMIT", 1]]
  ↳ bin/rails:9
  [1m[35m (0.1ms)[0m  [1m[36mbegin transaction[0m
  ↳ bin/rails:9
  [1m[36mActiveRecord::InternalMetadata Create (0.4ms)[0m  [1m[32mINSERT INTO "ar_internal_metadata" ("key", "value", "created_at", "updated_at") VALUES (?, ?, ?, ?)[0m  [["key", "environment"], ["value", "development"], ["created_at", "2019-01-30 21:56:11.494271"], ["updated_at", "2019-01-30 21:56:11.494271"]]
  ↳ bin/rails:9
  [1m[35m (1.1ms)[0m  [1m[36mcommit transaction[0m
  ↳ bin/rails:9
  [1m[35m (0.1ms)[0m  [1m[34mSELECT "schema_migrations"."version" FROM "schema_migrations" ORDER BY "schema_migrations"."version" ASC[0m
  ↳ bin/rails:9
  [1m[35m (0.1ms)[0m  [1m[34mSELECT "schema_migrations"."version" FROM "schema_migrations" ORDER BY "schema_migrations"."version" ASC[0m
  ↳ bin/rails:9
  [1m[35m (0.0ms)[0m  [1m[36mbegin transaction[0m
  ↳ db/seeds.rb:11
  [1m[36mCourse Create (0.6ms)[0m  [1m[32mINSERT INTO "courses" ("title", "content", "created_at", "updated_at") VALUES (?, ?, ?, ?)[0m  [["title", "Moltres"], ["content", "Beware the barrenness of a busy life."], ["created_at", "2019-01-30 21:56:15.337910"], ["updated_at", "2019-01-30 21:56:15.337910"]]
  ↳ db/seeds.rb:11
  [1m[35m (1.0ms)[0m  [1m[36mcommit transaction[0m
  ↳ db/seeds.rb:11
  [1m[35m (0.1ms)[0m  [1m[36mbegin transaction[0m
  ↳ db/seeds.rb:11
  [1m[36mCourse Create (0.5ms)[0m  [1m[32mINSERT INTO "courses" ("title", "content", "created_at", "updated_at") VALUES (?, ?, ?, ?)[0m  [["title", "Jynx"], ["content", "There was never a genius without a tincture of madness."], ["created_at", "2019-01-30 21:56:15.342154"], ["updated_at", "2019-01-30 21:56:15.342154"]]
  ↳ db/seeds.rb:11
  [1m[35m (1.0ms)[0m  [1m[36mcommit transaction[0m
  ↳ db/seeds.rb:11
  [1m[35m (0.1ms)[0m  [1m[36mbegin transaction[0m
  ↳ db/seeds.rb:11
  [1m[36mCourse Create (0.4ms)[0m  [1m[32mINSERT INTO "courses" ("title", "content", "created_at", "updated_at") VALUES (?, ?, ?, ?)[0m  [["title", "Gengar"], ["content", "Philosophy is the highest music."], ["created_at", "2019-01-30 21:56:15.346150"], ["updated_at", "2019-01-30 21:56:15.346150"]]
  ↳ db/seeds.rb:11
  [1m[35m (1.0ms)[0m  [1m[36mcommit transaction[0m
  ↳ db/seeds.rb:11
  [1m[35m (0.1ms)[0m  [1m[36mbegin transaction[0m
  ↳ db/seeds.rb:15
  [1m[36mCourse Load (0.3ms)[0m  [1m[34mSELECT  "courses".* FROM "courses" WHERE "courses"."id" = ? LIMIT ?[0m  [["id", 1], ["LIMIT", 1]]
  ↳ db/seeds.rb:15
  [1m[36mStudent Create (0.6ms)[0m  [1m[32mINSERT INTO "students" ("name", "course_id", "created_at", "updated_at") VALUES (?, ?, ?, ?)[0m  [["name", "Magmar"], ["course_id", 1], ["created_at", "2019-01-30 21:56:15.436937"], ["updated_at", "2019-01-30 21:56:15.436937"]]
  ↳ db/seeds.rb:15
  [1m[35m (1.1ms)[0m  [1m[36mcommit transaction[0m
  ↳ db/seeds.rb:15
  [1m[35m (0.1ms)[0m  [1m[36mbegin transaction[0m
  ↳ db/seeds.rb:15
  [1m[36mCourse Load (0.1ms)[0m  [1m[34mSELECT  "courses".* FROM "courses" WHERE "courses"."id" = ? LIMIT ?[0m  [["id", 3], ["LIMIT", 1]]
  ↳ db/seeds.rb:15
  [1m[36mStudent Create (0.4ms)[0m  [1m[32mINSERT INTO "students" ("name", "course_id", "created_at", "updated_at") VALUES (?, ?, ?, ?)[0m  [["name", "Pinsir"], ["course_id", 3], ["created_at", "2019-01-30 21:56:15.442357"], ["updated_at", "2019-01-30 21:56:15.442357"]]
  ↳ db/seeds.rb:15
  [1m[35m (1.0ms)[0m  [1m[36mcommit transaction[0m
  ↳ db/seeds.rb:15
  [1m[35m (0.0ms)[0m  [1m[36mbegin transaction[0m
  ↳ db/seeds.rb:15
  [1m[36mCourse Load (0.1ms)[0m  [1m[34mSELECT  "courses".* FROM "courses" WHERE "courses"."id" = ? LIMIT ?[0m  [["id", 1], ["LIMIT", 1]]
  ↳ db/seeds.rb:15
  [1m[36mStudent Create (0.4ms)[0m  [1m[32mINSERT INTO "students" ("name", "course_id", "created_at", "updated_at") VALUES (?, ?, ?, ?)[0m  [["name", "Ponyta"], ["course_id", 1], ["created_at", "2019-01-30 21:56:15.446409"], ["updated_at", "2019-01-30 21:56:15.446409"]]
  ↳ db/seeds.rb:15
  [1m[35m (1.1ms)[0m  [1m[36mcommit transaction[0m
  ↳ db/seeds.rb:15
  [1m[35m (0.1ms)[0m  [1m[36mbegin transaction[0m
  ↳ db/seeds.rb:15
  [1m[36mCourse Load (0.2ms)[0m  [1m[34mSELECT  "courses".* FROM "courses" WHERE "courses"."id" = ? LIMIT ?[0m  [["id", 3], ["LIMIT", 1]]
  ↳ db/seeds.rb:15
  [1m[36mStudent Create (0.5ms)[0m  [1m[32mINSERT INTO "students" ("name", "course_id", "created_at", "updated_at") VALUES (?, ?, ?, ?)[0m  [["name", "Haunter"], ["course_id", 3], ["created_at", "2019-01-30 21:56:15.451671"], ["updated_at", "2019-01-30 21:56:15.451671"]]
  ↳ db/seeds.rb:15
  [1m[35m (1.0ms)[0m  [1m[36mcommit transaction[0m
  ↳ db/seeds.rb:15
  [1m[35m (0.1ms)[0m  [1m[36mbegin transaction[0m
  ↳ db/seeds.rb:15
  [1m[36mCourse Load (0.1ms)[0m  [1m[34mSELECT  "courses".* FROM "courses" WHERE "courses"."id" = ? LIMIT ?[0m  [["id", 2], ["LIMIT", 1]]
  ↳ db/seeds.rb:15
  [1m[36mStudent Create (0.4ms)[0m  [1m[32mINSERT INTO "students" ("name", "course_id", "created_at", "updated_at") VALUES (?, ?, ?, ?)[0m  [["name", "Vileplume"], ["course_id", 2], ["created_at", "2019-01-30 21:56:15.456396"], ["updated_at", "2019-01-30 21:56:15.456396"]]
  ↳ db/seeds.rb:15
  [1m[35m (1.3ms)[0m  [1m[36mcommit transaction[0m
  ↳ db/seeds.rb:15
  [1m[35m (0.1ms)[0m  [1m[36mbegin transaction[0m
  ↳ db/seeds.rb:15
  [1m[36mCourse Load (0.2ms)[0m  [1m[34mSELECT  "courses".* FROM "courses" WHERE "courses"."id" = ? LIMIT ?[0m  [["id", 2], ["LIMIT", 1]]
  ↳ db/seeds.rb:15
  [1m[36mStudent Create (0.4ms)[0m  [1m[32mINSERT INTO "students" ("name", "course_id", "created_at", "updated_at") VALUES (?, ?, ?, ?)[0m  [["name", "Omanyte"], ["course_id", 2], ["created_at", "2019-01-30 21:56:15.461984"], ["updated_at", "2019-01-30 21:56:15.461984"]]
  ↳ db/seeds.rb:15
  [1m[35m (1.1ms)[0m  [1m[36mcommit transaction[0m
  ↳ db/seeds.rb:15
  [1m[35m (0.0ms)[0m  [1m[36mbegin transaction[0m
  ↳ db/seeds.rb:15
  [1m[36mCourse Load (0.1ms)[0m  [1m[34mSELECT  "courses".* FROM "courses" WHERE "courses"."id" = ? LIMIT ?[0m  [["id", 1], ["LIMIT", 1]]
  ↳ db/seeds.rb:15
  [1m[36mStudent Create (0.4ms)[0m  [1m[32mINSERT INTO "students" ("name", "course_id", "created_at", "updated_at") VALUES (?, ?, ?, ?)[0m  [["name", "Hypno"], ["course_id", 1], ["created_at", "2019-01-30 21:56:15.466168"], ["updated_at", "2019-01-30 21:56:15.466168"]]
  ↳ db/seeds.rb:15
  [1m[35m (1.1ms)[0m  [1m[36mcommit transaction[0m
  ↳ db/seeds.rb:15
  [1m[35m (0.0ms)[0m  [1m[36mbegin transaction[0m
  ↳ db/seeds.rb:15
  [1m[36mCourse Load (0.1ms)[0m  [1m[34mSELECT  "courses".* FROM "courses" WHERE "courses"."id" = ? LIMIT ?[0m  [["id", 2], ["LIMIT", 1]]
  ↳ db/seeds.rb:15
  [1m[36mStudent Create (0.4ms)[0m  [1m[32mINSERT INTO "students" ("name", "course_id", "created_at", "updated_at") VALUES (?, ?, ?, ?)[0m  [["name", "Cloyster"], ["course_id", 2], ["created_at", "2019-01-30 21:56:15.470142"], ["updated_at", "2019-01-30 21:56:15.470142"]]
  ↳ db/seeds.rb:15
  [1m[35m (1.5ms)[0m  [1m[36mcommit transaction[0m
  ↳ db/seeds.rb:15
  [1m[35m (0.1ms)[0m  [1m[36mbegin transaction[0m
  ↳ db/seeds.rb:15
  [1m[36mCourse Load (0.2ms)[0m  [1m[34mSELECT  "courses".* FROM "courses" WHERE "courses"."id" = ? LIMIT ?[0m  [["id", 3], ["LIMIT", 1]]
  ↳ db/seeds.rb:15
  [1m[36mStudent Create (0.4ms)[0m  [1m[32mINSERT INTO "students" ("name", "course_id", "created_at", "updated_at") VALUES (?, ?, ?, ?)[0m  [["name", "Vileplume"], ["course_id", 3], ["created_at", "2019-01-30 21:56:15.476720"], ["updated_at", "2019-01-30 21:56:15.476720"]]
  ↳ db/seeds.rb:15
  [1m[35m (1.0ms)[0m  [1m[36mcommit transaction[0m
  ↳ db/seeds.rb:15
  [1m[35m (0.1ms)[0m  [1m[36mbegin transaction[0m
  ↳ db/seeds.rb:15
  [1m[36mCourse Load (0.1ms)[0m  [1m[34mSELECT  "courses".* FROM "courses" WHERE "courses"."id" = ? LIMIT ?[0m  [["id", 1], ["LIMIT", 1]]
  ↳ db/seeds.rb:15
  [1m[36mStudent Create (0.6ms)[0m  [1m[32mINSERT INTO "students" ("name", "course_id", "created_at", "updated_at") VALUES (?, ?, ?, ?)[0m  [["name", "Dratini"], ["course_id", 1], ["created_at", "2019-01-30 21:56:15.480607"], ["updated_at", "2019-01-30 21:56:15.480607"]]
  ↳ db/seeds.rb:15
  [1m[35m (1.3ms)[0m  [1m[36mcommit transaction[0m
  ↳ db/seeds.rb:15
